<?xml version="1.0" encoding="UTF-8"?>
<testsuite name="com.springvuesample.SpringVueSampleApplicationTests" tests="1" skipped="0" failures="0" errors="0" timestamp="2020-09-01T05:07:44" hostname="localhost" time="0.216">
  <properties/>
  <testcase name="contextLoads()" classname="com.springvuesample.SpringVueSampleApplicationTests" time="0.216"/>
  <system-out><![CDATA[14:07:37.026 [Test worker] DEBUG org.springframework.test.context.BootstrapUtils - Instantiating CacheAwareContextLoaderDelegate from class [org.springframework.test.context.cache.DefaultCacheAwareContextLoaderDelegate]
14:07:37.049 [Test worker] DEBUG org.springframework.test.context.BootstrapUtils - Instantiating BootstrapContext using constructor [public org.springframework.test.context.support.DefaultBootstrapContext(java.lang.Class,org.springframework.test.context.CacheAwareContextLoaderDelegate)]
14:07:37.106 [Test worker] DEBUG org.springframework.test.context.BootstrapUtils - Instantiating TestContextBootstrapper for test class [com.springvuesample.SpringVueSampleApplicationTests] from class [org.springframework.boot.test.context.SpringBootTestContextBootstrapper]
14:07:37.154 [Test worker] INFO org.springframework.boot.test.context.SpringBootTestContextBootstrapper - Neither @ContextConfiguration nor @ContextHierarchy found for test class [com.springvuesample.SpringVueSampleApplicationTests], using SpringBootContextLoader
14:07:37.167 [Test worker] DEBUG org.springframework.test.context.support.AbstractContextLoader - Did not detect default resource location for test class [com.springvuesample.SpringVueSampleApplicationTests]: class path resource [com/springvuesample/SpringVueSampleApplicationTests-context.xml] does not exist
14:07:37.168 [Test worker] DEBUG org.springframework.test.context.support.AbstractContextLoader - Did not detect default resource location for test class [com.springvuesample.SpringVueSampleApplicationTests]: class path resource [com/springvuesample/SpringVueSampleApplicationTestsContext.groovy] does not exist
14:07:37.170 [Test worker] INFO org.springframework.test.context.support.AbstractContextLoader - Could not detect default resource locations for test class [com.springvuesample.SpringVueSampleApplicationTests]: no resource found for suffixes {-context.xml, Context.groovy}.
14:07:37.178 [Test worker] INFO org.springframework.test.context.support.AnnotationConfigContextLoaderUtils - Could not detect default configuration classes for test class [com.springvuesample.SpringVueSampleApplicationTests]: SpringVueSampleApplicationTests does not declare any static, non-private, non-final, nested classes annotated with @Configuration.
14:07:37.255 [Test worker] DEBUG org.springframework.test.context.support.ActiveProfilesUtils - Could not find an 'annotation declaring class' for annotation type [org.springframework.test.context.ActiveProfiles] and class [com.springvuesample.SpringVueSampleApplicationTests]
14:07:37.369 [Test worker] DEBUG org.springframework.context.annotation.ClassPathScanningCandidateComponentProvider - Identified candidate component class: file [/Users/takachanman/eclipse-workspace/spring-vue-sample/build/classes/java/main/com/springvuesample/SpringVueSampleApplication.class]
14:07:37.370 [Test worker] INFO org.springframework.boot.test.context.SpringBootTestContextBootstrapper - Found @SpringBootConfiguration com.springvuesample.SpringVueSampleApplication for test class com.springvuesample.SpringVueSampleApplicationTests
14:07:37.522 [Test worker] DEBUG org.springframework.boot.test.context.SpringBootTestContextBootstrapper - @TestExecutionListeners is not present for class [com.springvuesample.SpringVueSampleApplicationTests]: using defaults.
14:07:37.525 [Test worker] INFO org.springframework.boot.test.context.SpringBootTestContextBootstrapper - Loaded default TestExecutionListener class names from location [META-INF/spring.factories]: [org.springframework.boot.test.autoconfigure.restdocs.RestDocsTestExecutionListener, org.springframework.boot.test.autoconfigure.web.client.MockRestServiceServerResetTestExecutionListener, org.springframework.boot.test.autoconfigure.web.servlet.MockMvcPrintOnlyOnFailureTestExecutionListener, org.springframework.boot.test.autoconfigure.web.servlet.WebDriverTestExecutionListener, org.springframework.boot.test.autoconfigure.webservices.client.MockWebServiceServerTestExecutionListener, org.springframework.boot.test.mock.mockito.MockitoTestExecutionListener, org.springframework.boot.test.mock.mockito.ResetMocksTestExecutionListener, org.springframework.test.context.web.ServletTestExecutionListener, org.springframework.test.context.support.DirtiesContextBeforeModesTestExecutionListener, org.springframework.test.context.support.DependencyInjectionTestExecutionListener, org.springframework.test.context.support.DirtiesContextTestExecutionListener, org.springframework.test.context.transaction.TransactionalTestExecutionListener, org.springframework.test.context.jdbc.SqlScriptsTestExecutionListener, org.springframework.test.context.event.EventPublishingTestExecutionListener]
14:07:37.551 [Test worker] INFO org.springframework.boot.test.context.SpringBootTestContextBootstrapper - Using TestExecutionListeners: [org.springframework.test.context.web.ServletTestExecutionListener@1a8ad1c9, org.springframework.test.context.support.DirtiesContextBeforeModesTestExecutionListener@11d95aef, org.springframework.boot.test.mock.mockito.MockitoTestExecutionListener@32fb181c, org.springframework.boot.test.autoconfigure.SpringBootDependencyInjectionTestExecutionListener@162598ec, org.springframework.test.context.support.DirtiesContextTestExecutionListener@5aed0778, org.springframework.test.context.transaction.TransactionalTestExecutionListener@13830e8, org.springframework.test.context.jdbc.SqlScriptsTestExecutionListener@6b69f32b, org.springframework.test.context.event.EventPublishingTestExecutionListener@51b1e452, org.springframework.boot.test.autoconfigure.restdocs.RestDocsTestExecutionListener@63d5ffdb, org.springframework.boot.test.autoconfigure.web.client.MockRestServiceServerResetTestExecutionListener@23aa2c39, org.springframework.boot.test.autoconfigure.web.servlet.MockMvcPrintOnlyOnFailureTestExecutionListener@77e73cc, org.springframework.boot.test.autoconfigure.web.servlet.WebDriverTestExecutionListener@59339405, org.springframework.boot.test.autoconfigure.webservices.client.MockWebServiceServerTestExecutionListener@155483df, org.springframework.boot.test.mock.mockito.ResetMocksTestExecutionListener@67edbea8]
14:07:37.555 [Test worker] DEBUG org.springframework.test.context.support.AbstractDirtiesContextTestExecutionListener - Before test class: context [DefaultTestContext@43a1cd5a testClass = SpringVueSampleApplicationTests, testInstance = [null], testMethod = [null], testException = [null], mergedContextConfiguration = [WebMergedContextConfiguration@733a57ca testClass = SpringVueSampleApplicationTests, locations = '{}', classes = '{class com.springvuesample.SpringVueSampleApplication}', contextInitializerClasses = '[]', activeProfiles = '{}', propertySourceLocations = '{}', propertySourceProperties = '{org.springframework.boot.test.context.SpringBootTestContextBootstrapper=true}', contextCustomizers = set[org.springframework.boot.test.autoconfigure.properties.PropertyMappingContextCustomizer@0, org.springframework.boot.test.autoconfigure.web.servlet.WebDriverContextCustomizerFactory$Customizer@1e6e2d3d, org.springframework.boot.test.context.filter.ExcludeFilterContextCustomizer@5f8052d4, org.springframework.boot.test.json.DuplicateJsonObjectContextCustomizerFactory$DuplicateJsonObjectContextCustomizer@35290e3b, org.springframework.boot.test.mock.mockito.MockitoContextCustomizer@0, org.springframework.boot.test.web.client.TestRestTemplateContextCustomizer@48885813, org.springframework.boot.test.context.SpringBootTestArgs@1], resourceBasePath = 'src/main/webapp', contextLoader = 'org.springframework.boot.test.context.SpringBootContextLoader', parent = [null]], attributes = map['org.springframework.test.context.web.ServletTestExecutionListener.activateListener' -> true]], class annotated with @DirtiesContext [false] with mode [null].
14:07:37.599 [Test worker] DEBUG org.springframework.test.context.support.TestPropertySourceUtils - Adding inlined properties to environment: {spring.jmx.enabled=false, org.springframework.boot.test.context.SpringBootTestContextBootstrapper=true}

  .   ____          _            __ _ _
 /\\ / ___'_ __ _ _(_)_ __  __ _ \ \ \ \
( ( )\___ | '_ | '_| | '_ \/ _` | \ \ \ \
 \\/  ___)| |_)| | | | | || (_| |  ) ) ) )
  '  |____| .__|_| |_|_| |_\__, | / / / /
 =========|_|==============|___/=/_/_/_/
 :: Spring Boot ::        (v2.3.3.RELEASE)

2020-09-01 14:07:38.307  INFO 9618 --- [    Test worker] c.s.SpringVueSampleApplicationTests      : Starting SpringVueSampleApplicationTests on localhost with PID 9618 (started by takachanman in /Users/takachanman/eclipse-workspace/spring-vue-sample)
2020-09-01 14:07:38.313  INFO 9618 --- [    Test worker] c.s.SpringVueSampleApplicationTests      : No active profile set, falling back to default profiles: default
2020-09-01 14:07:39.809  INFO 9618 --- [    Test worker] .s.d.r.c.RepositoryConfigurationDelegate : Bootstrapping Spring Data JPA repositories in DEFERRED mode.
2020-09-01 14:07:39.962  INFO 9618 --- [    Test worker] .s.d.r.c.RepositoryConfigurationDelegate : Finished Spring Data repository scanning in 135ms. Found 1 JPA repository interfaces.
2020-09-01 14:07:41.116  INFO 9618 --- [    Test worker] o.f.c.internal.license.VersionPrinter    : Flyway Community Edition 6.4.4 by Redgate
2020-09-01 14:07:41.131  INFO 9618 --- [    Test worker] com.zaxxer.hikari.HikariDataSource       : HikariPool-1 - Starting...
2020-09-01 14:07:41.400  INFO 9618 --- [    Test worker] com.zaxxer.hikari.HikariDataSource       : HikariPool-1 - Start completed.
2020-09-01 14:07:41.450  INFO 9618 --- [    Test worker] o.f.c.internal.database.DatabaseFactory  : Database: jdbc:postgresql://localhost:5432/spring_vue_sample (PostgreSQL 11.5)
2020-09-01 14:07:41.652  INFO 9618 --- [    Test worker] o.f.core.internal.command.DbValidate     : Successfully validated 2 migrations (execution time 00:00.046s)
2020-09-01 14:07:41.660  INFO 9618 --- [    Test worker] o.f.core.internal.command.DbMigrate      : Current version of schema "public": 1.1
2020-09-01 14:07:41.661  INFO 9618 --- [    Test worker] o.f.core.internal.command.DbMigrate      : Schema "public" is up to date. No migration necessary.
2020-09-01 14:07:41.854  INFO 9618 --- [    Test worker] o.s.s.concurrent.ThreadPoolTaskExecutor  : Initializing ExecutorService 'applicationTaskExecutor'
2020-09-01 14:07:41.968  INFO 9618 --- [         task-1] o.hibernate.jpa.internal.util.LogHelper  : HHH000204: Processing PersistenceUnitInfo [name: default]
2020-09-01 14:07:42.034  INFO 9618 --- [         task-1] org.hibernate.Version                    : HHH000412: Hibernate ORM core version 5.4.20.Final
2020-09-01 14:07:42.332  INFO 9618 --- [         task-1] o.hibernate.annotations.common.Version   : HCANN000001: Hibernate Commons Annotations {5.1.0.Final}
2020-09-01 14:07:42.660  WARN 9618 --- [    Test worker] JpaBaseConfiguration$JpaWebConfiguration : spring.jpa.open-in-view is enabled by default. Therefore, database queries may be performed during view rendering. Explicitly configure spring.jpa.open-in-view to disable this warning
2020-09-01 14:07:42.746  INFO 9618 --- [         task-1] org.hibernate.dialect.Dialect            : HHH000400: Using dialect: org.hibernate.dialect.PostgreSQL10Dialect
2020-09-01 14:07:44.052  INFO 9618 --- [    Test worker] DeferredRepositoryInitializationListener : Triggering deferred initialization of Spring Data repositories…
2020-09-01 14:07:44.265  INFO 9618 --- [         task-1] o.h.e.t.j.p.i.JtaPlatformInitiator       : HHH000490: Using JtaPlatform implementation: [org.hibernate.engine.transaction.jta.platform.internal.NoJtaPlatform]
2020-09-01 14:07:44.279  INFO 9618 --- [         task-1] j.LocalContainerEntityManagerFactoryBean : Initialized JPA EntityManagerFactory for persistence unit 'default'
2020-09-01 14:07:44.683  INFO 9618 --- [    Test worker] DeferredRepositoryInitializationListener : Spring Data repositories initialized!
2020-09-01 14:07:44.700  INFO 9618 --- [    Test worker] c.s.SpringVueSampleApplicationTests      : Started SpringVueSampleApplicationTests in 7.085 seconds (JVM running for 9.258)
]]></system-out>
  <system-err><![CDATA[]]></system-err>
</testsuite>
